{
  "stats": {
    "suites": 1,
    "tests": 1,
    "passes": 1,
    "pending": 0,
    "failures": 0,
    "testsRegistered": 1,
    "passPercent": 100,
    "pendingPercent": 0,
    "other": 0,
    "hasOther": false,
    "skipped": 0,
    "hasSkipped": false,
    "start": "2023-07-13T13:13:31.564Z",
    "end": "2023-07-13T13:13:51.297Z",
    "duration": 19733
  },
  "results": [
    {
      "uuid": "9b592af6-9b64-4855-a15b-d167c905e823",
      "title": "",
      "fullFile": "cypress\\e2e\\home.cy.js",
      "file": "cypress\\e2e\\home.cy.js",
      "beforeHooks": [],
      "afterHooks": [],
      "tests": [],
      "suites": [
        {
          "uuid": "3ab26c05-dab0-4768-ac0a-c35208724291",
          "title": "Sowe - home page - E2E",
          "fullFile": "",
          "file": "",
          "beforeHooks": [],
          "afterHooks": [],
          "tests": [
            {
              "title": "Should click on cart, verify url, title, back to shop button",
              "fullTitle": "Sowe - home page - E2E Should click on cart, verify url, title, back to shop button",
              "timedOut": null,
              "duration": 19668,
              "state": "passed",
              "speed": "slow",
              "pass": true,
              "fail": false,
              "pending": false,
              "context": null,
              "code": "cy.get('#cart-icon-count').click();\ncy.url().should('eq', url.cartUrl);\ncy.checkH1('.cart-empty.woocommerce-info');\ncy.get('.return-to-shop').contains('Wróć do sklepu').should('be.visible').click();\ncy.url().should('eq', url.shopUrl);",
              "err": {},
              "uuid": "0e63bcbe-5928-4d10-9aaf-4191655d2250",
              "parentUUID": "3ab26c05-dab0-4768-ac0a-c35208724291",
              "isHook": false,
              "skipped": false
            }
          ],
          "suites": [],
          "passes": [
            "0e63bcbe-5928-4d10-9aaf-4191655d2250"
          ],
          "failures": [],
          "pending": [],
          "skipped": [],
          "duration": 19668,
          "root": false,
          "rootEmpty": false,
          "_timeout": 2000
        }
      ],
      "passes": [],
      "failures": [],
      "pending": [],
      "skipped": [],
      "duration": 0,
      "root": true,
      "rootEmpty": true,
      "_timeout": 2000
    }
  ],
  "meta": {
    "mocha": {
      "version": "7.0.1"
    },
    "mochawesome": {
      "options": {
        "quiet": false,
        "reportFilename": "mochawesome",
        "saveHtml": false,
        "saveJson": true,
        "consoleReporter": "spec",
        "useInlineDiffs": false,
        "code": true
      },
      "version": "7.1.3"
    },
    "marge": {
      "options": {
        "id": "default",
        "reportDir": "cypress/results/mochawesome",
        "quite": true,
        "overwrite": false,
        "html": false,
        "json": true
      },
      "version": "6.2.0"
    }
  }
}