{
  "stats": {
    "suites": 9,
    "tests": 49,
    "passes": 49,
    "pending": 0,
    "failures": 0,
    "testsRegistered": 49,
    "passPercent": 100,
    "pendingPercent": 0,
    "other": 0,
    "hasOther": false,
    "skipped": 0,
    "hasSkipped": false,
    "start": "2023-08-17T09:07:23.554Z",
    "end": "2023-08-17T09:17:39.078Z",
    "duration": 615524
  },
  "results": [
    {
      "uuid": "f1fdba39-9ed5-4519-ac27-dac939536e62",
      "title": "",
      "fullFile": "cypress\\e2e\\home-mobile.cy.js",
      "file": "cypress\\e2e\\home-mobile.cy.js",
      "beforeHooks": [],
      "afterHooks": [],
      "tests": [],
      "suites": [
        {
          "uuid": "7a9a3795-48fc-4bbf-815a-42f6f87e3b43",
          "title": "Sowe - home page - mobile - E2E",
          "fullFile": "",
          "file": "",
          "beforeHooks": [],
          "afterHooks": [],
          "tests": [
            {
              "title": "Should open home page, verify url and title",
              "fullTitle": "Sowe - home page - mobile - E2E Should open home page, verify url and title",
              "timedOut": null,
              "duration": 4723,
              "state": "passed",
              "speed": "fast",
              "pass": true,
              "fail": false,
              "pending": false,
              "context": null,
              "code": "cy.url().should('eq', url.homeUrl);\ncy.title().should('contain', 'Sowe');",
              "err": {},
              "uuid": "d7e31071-5abc-408e-966b-38b6555e9efa",
              "parentUUID": "7a9a3795-48fc-4bbf-815a-42f6f87e3b43",
              "isHook": false,
              "skipped": false
            },
            {
              "title": "Visible of header elements: main nav, logo, language, cart, loop",
              "fullTitle": "Sowe - home page - mobile - E2E Visible of header elements: main nav, logo, language, cart, loop",
              "timedOut": null,
              "duration": 31582,
              "state": "passed",
              "speed": "slow",
              "pass": true,
              "fail": false,
              "pending": false,
              "context": null,
              "code": "cy.requestCheckLink('#header a');",
              "err": {},
              "uuid": "7d51f6c7-1cb5-47b0-83d1-307c74c52f29",
              "parentUUID": "7a9a3795-48fc-4bbf-815a-42f6f87e3b43",
              "isHook": false,
              "skipped": false
            },
            {
              "title": "Should click on GTtranslate and verify visibilty of popup also correct language",
              "fullTitle": "Sowe - home page - mobile - E2E Should click on GTtranslate and verify visibilty of popup also correct language",
              "timedOut": null,
              "duration": 4309,
              "state": "passed",
              "speed": "fast",
              "pass": true,
              "fail": false,
              "pending": false,
              "context": null,
              "code": "// cy.wait(1000);\ncy.get('div#mobile-menu.sidemenu.sidemenu-off.tf_scrollbar').invoke('show');\ncy.get('#menu-icon').should('be.visible').click({\n  force: true\n});\ncy.get('span').contains('Polish').click({\n  force: true\n});\n// cy.get('#mobile-menu').find('.header-icons').should('be.visible');\n// cy.contains('Polish').click({ force: true });\ncy.get('.gt_languages a').should('have.length', 6);\ncy.get('.gt_languages a').contains('English').click({\n  force: true\n});\ncy.get('span').contains('English').should('have.text', 'English');",
              "err": {},
              "uuid": "6fc71514-31e9-4d28-b5fb-8e9bbfb8932f",
              "parentUUID": "7a9a3795-48fc-4bbf-815a-42f6f87e3b43",
              "isHook": false,
              "skipped": false
            },
            {
              "title": "Should click on cart, verify url, title, back to shop button",
              "fullTitle": "Sowe - home page - mobile - E2E Should click on cart, verify url, title, back to shop button",
              "timedOut": null,
              "duration": 8680,
              "state": "passed",
              "speed": "medium",
              "pass": true,
              "fail": false,
              "pending": false,
              "context": null,
              "code": "cy.get('#cart-link-mobile').click();\ncy.url().should('eq', url.cartUrl);\ncy.checkH1('.cart-empty.woocommerce-info');\ncy.contains('Wróć do sklepu').should('be.visible').click({\n  force: true\n});\ncy.url().should('eq', url.shopUrl);",
              "err": {},
              "uuid": "842935d6-bcde-46b5-96e1-4f1054550e3c",
              "parentUUID": "7a9a3795-48fc-4bbf-815a-42f6f87e3b43",
              "isHook": false,
              "skipped": false
            },
            {
              "title": "should search for a valid product",
              "fullTitle": "Sowe - home page - mobile - E2E should search for a valid product",
              "timedOut": null,
              "duration": 5756,
              "state": "passed",
              "speed": "medium",
              "pass": true,
              "fail": false,
              "pending": false,
              "context": null,
              "code": "cy.get('#menu-icon').should('be.visible').click({\n  force: true\n});\nconst searchTerm = 'Komplet zasłon Czaple';\ncy.get('[aria-label=\"Search\"]').eq(0).should('exist').click({\n  force: true\n});\ncy.get('form#searchform.tf_rel.tf_hide').invoke('show');\ncy.get('#s').invoke('show').type('Komplet zasłon Czaple {enter}');\ncy.get('.page-title').should('contain', searchTerm);",
              "err": {},
              "uuid": "3c6ca9b6-2aad-426f-8c24-aa00aaaef110",
              "parentUUID": "7a9a3795-48fc-4bbf-815a-42f6f87e3b43",
              "isHook": false,
              "skipped": false
            },
            {
              "title": "should search for a invalid product",
              "fullTitle": "Sowe - home page - mobile - E2E should search for a invalid product",
              "timedOut": null,
              "duration": 6768,
              "state": "passed",
              "speed": "medium",
              "pass": true,
              "fail": false,
              "pending": false,
              "context": null,
              "code": "cy.get('#menu-icon').should('be.visible').click({\n  force: true\n});\nconst searchTerm = 'robot vader';\ncy.get('[aria-label=\"Search\"]').eq(0).should('exist').click({\n  force: true\n});\ncy.get('form#searchform.tf_rel.tf_hide').invoke('show');\ncy.get('#s').invoke('show').type('robot vader {enter}');\ncy.get('#content p').should('have.text', 'Sorry, nothing found.');\ncy.get('.page-title').should('contain', searchTerm);",
              "err": {},
              "uuid": "583590b3-1028-4cd1-80f0-4ae778608e21",
              "parentUUID": "7a9a3795-48fc-4bbf-815a-42f6f87e3b43",
              "isHook": false,
              "skipped": false
            },
            {
              "title": "Verify visiblity \"Nowości\" section also verify lenght, correct url of section item",
              "fullTitle": "Sowe - home page - mobile - E2E Verify visiblity \"Nowości\" section also verify lenght, correct url of section item",
              "timedOut": null,
              "duration": 16121,
              "state": "passed",
              "speed": "slow",
              "pass": true,
              "fail": false,
              "pending": false,
              "context": null,
              "code": "cy.get('#tb_0n8h826').find('.product_title').should('have.length', 4);\ncy.specialCategory('#tb_0n8h826', '.product_title a');",
              "err": {},
              "uuid": "abe60fd1-9d68-4999-8a30-1090062829ee",
              "parentUUID": "7a9a3795-48fc-4bbf-815a-42f6f87e3b43",
              "isHook": false,
              "skipped": false
            },
            {
              "title": "Verify visiblity \"Promocje\" section also verify lenght, correct url of section item",
              "fullTitle": "Sowe - home page - mobile - E2E Verify visiblity \"Promocje\" section also verify lenght, correct url of section item",
              "timedOut": null,
              "duration": 14311,
              "state": "passed",
              "speed": "slow",
              "pass": true,
              "fail": false,
              "pending": false,
              "context": null,
              "code": "cy.get('#tb_z3lk735').find('.product_title').should('have.length', 4);\ncy.specialCategory('#tb_z3lk735', '.product_title a');",
              "err": {},
              "uuid": "ac255e08-3eff-4196-8350-fb20cfbed3e4",
              "parentUUID": "7a9a3795-48fc-4bbf-815a-42f6f87e3b43",
              "isHook": false,
              "skipped": false
            },
            {
              "title": "Should check all \"odkryj buttons i home page - mobile",
              "fullTitle": "Sowe - home page - mobile - E2E Should check all \"odkryj buttons i home page - mobile",
              "timedOut": null,
              "duration": 16063,
              "state": "passed",
              "speed": "slow",
              "pass": true,
              "fail": false,
              "pending": false,
              "context": null,
              "code": "cy.requestCheckLink('.module-buttons-item.tf_inline_b a');",
              "err": {},
              "uuid": "44f65c91-3563-44b0-8a59-260876464d73",
              "parentUUID": "7a9a3795-48fc-4bbf-815a-42f6f87e3b43",
              "isHook": false,
              "skipped": false
            }
          ],
          "suites": [],
          "passes": [
            "d7e31071-5abc-408e-966b-38b6555e9efa",
            "7d51f6c7-1cb5-47b0-83d1-307c74c52f29",
            "6fc71514-31e9-4d28-b5fb-8e9bbfb8932f",
            "842935d6-bcde-46b5-96e1-4f1054550e3c",
            "3c6ca9b6-2aad-426f-8c24-aa00aaaef110",
            "583590b3-1028-4cd1-80f0-4ae778608e21",
            "abe60fd1-9d68-4999-8a30-1090062829ee",
            "ac255e08-3eff-4196-8350-fb20cfbed3e4",
            "44f65c91-3563-44b0-8a59-260876464d73"
          ],
          "failures": [],
          "pending": [],
          "skipped": [],
          "duration": 108313,
          "root": false,
          "rootEmpty": false,
          "_timeout": 2000
        }
      ],
      "passes": [],
      "failures": [],
      "pending": [],
      "skipped": [],
      "duration": 0,
      "root": true,
      "rootEmpty": true,
      "_timeout": 2000
    },
    {
      "uuid": "f7060402-5d9e-4e4d-a029-acf542c230d9",
      "title": "",
      "fullFile": "cypress\\e2e\\home.cy.js",
      "file": "cypress\\e2e\\home.cy.js",
      "beforeHooks": [],
      "afterHooks": [],
      "tests": [],
      "suites": [
        {
          "uuid": "b0564649-3a96-4d99-9f60-620c9f8c0444",
          "title": "Sowe - home page - E2E",
          "fullFile": "",
          "file": "",
          "beforeHooks": [],
          "afterHooks": [],
          "tests": [
            {
              "title": "Should open home page, verify url and title",
              "fullTitle": "Sowe - home page - E2E Should open home page, verify url and title",
              "timedOut": null,
              "duration": 10342,
              "state": "passed",
              "speed": "slow",
              "pass": true,
              "fail": false,
              "pending": false,
              "context": null,
              "code": "cy.url().should('eq', url.homeUrl);\ncy.title().should('contain', 'Sowe');",
              "err": {},
              "uuid": "4613df00-2210-4829-a4a0-2fb204a7b628",
              "parentUUID": "b0564649-3a96-4d99-9f60-620c9f8c0444",
              "isHook": false,
              "skipped": false
            },
            {
              "title": "Visible of header elements: main nav, logo, language, cart, loop",
              "fullTitle": "Sowe - home page - E2E Visible of header elements: main nav, logo, language, cart, loop",
              "timedOut": null,
              "duration": 18510,
              "state": "passed",
              "speed": "slow",
              "pass": true,
              "fail": false,
              "pending": false,
              "context": null,
              "code": "cy.requestCheckLink('#headerwrap a[href]');",
              "err": {},
              "uuid": "f522af12-46f9-4632-bc08-b5e76052bccb",
              "parentUUID": "b0564649-3a96-4d99-9f60-620c9f8c0444",
              "isHook": false,
              "skipped": false
            },
            {
              "title": "Should click on GTtranslate and verify visibilty of popup also correct language",
              "fullTitle": "Sowe - home page - E2E Should click on GTtranslate and verify visibilty of popup also correct language",
              "timedOut": null,
              "duration": 6049,
              "state": "passed",
              "speed": "medium",
              "pass": true,
              "fail": false,
              "pending": false,
              "context": null,
              "code": "cy.get('#icon-menu').contains('Polish').should('be.visible').click();\ncy.get('div.gt_languages a').should('have.length', 6);\ncy.get('.gt_languages').contains('English').should('be.visible').click();\ncy.get('#icon-menu').contains('English').should('be.visible').click();",
              "err": {},
              "uuid": "482c1520-74be-4aad-8db5-de80701a9bed",
              "parentUUID": "b0564649-3a96-4d99-9f60-620c9f8c0444",
              "isHook": false,
              "skipped": false
            },
            {
              "title": "Should click on cart, verify url, title, back to shop button",
              "fullTitle": "Sowe - home page - E2E Should click on cart, verify url, title, back to shop button",
              "timedOut": null,
              "duration": 10693,
              "state": "passed",
              "speed": "slow",
              "pass": true,
              "fail": false,
              "pending": false,
              "context": null,
              "code": "cy.get('#cart-icon-count').click();\ncy.url().should('eq', url.cartUrl);\ncy.checkH1('.cart-empty.woocommerce-info');\ncy.get('.return-to-shop').contains('Wróć do sklepu').should('be.visible').click();\ncy.url().should('eq', url.shopUrl);",
              "err": {},
              "uuid": "32445005-30cf-4ab4-bd63-a2080911fb5e",
              "parentUUID": "b0564649-3a96-4d99-9f60-620c9f8c0444",
              "isHook": false,
              "skipped": false
            },
            {
              "title": "should search for a valid product",
              "fullTitle": "Sowe - home page - E2E should search for a valid product",
              "timedOut": null,
              "duration": 6212,
              "state": "passed",
              "speed": "medium",
              "pass": true,
              "fail": false,
              "pending": false,
              "context": null,
              "code": "const searchTerm = 'Komplet zasłon Czaple';\ncy.get('[aria-label=\"Search\"]').eq(1).should('exist').click({\n  force: true\n});\ncy.get('form#searchform.tf_rel.tf_hide').invoke('show');\ncy.get('#s').invoke('show').type('Komplet zasłon Czaple {enter}');\ncy.get('.page-title').should('contain', searchTerm);",
              "err": {},
              "uuid": "8f35cb2f-f27b-48ed-a151-655a87cbbc15",
              "parentUUID": "b0564649-3a96-4d99-9f60-620c9f8c0444",
              "isHook": false,
              "skipped": false
            },
            {
              "title": "should search for a invalid product",
              "fullTitle": "Sowe - home page - E2E should search for a invalid product",
              "timedOut": null,
              "duration": 6861,
              "state": "passed",
              "speed": "medium",
              "pass": true,
              "fail": false,
              "pending": false,
              "context": null,
              "code": "const searchTerm = 'robot vader';\ncy.get('[aria-label=\"Search\"]').eq(1).should('exist').click({\n  force: true\n});\ncy.get('form#searchform.tf_rel.tf_hide').invoke('show');\ncy.get('#s').invoke('show').type('robot vader {enter}');\ncy.get('#content p').should('have.text', 'Sorry, nothing found.');\ncy.get('.page-title').should('contain', searchTerm);",
              "err": {},
              "uuid": "954676af-1fe9-4dbe-979d-4b1788595176",
              "parentUUID": "b0564649-3a96-4d99-9f60-620c9f8c0444",
              "isHook": false,
              "skipped": false
            },
            {
              "title": "Verify visiblity of sliders, buttons, h3, p on main slideshow",
              "fullTitle": "Sowe - home page - E2E Verify visiblity of sliders, buttons, h3, p on main slideshow",
              "timedOut": null,
              "duration": 8155,
              "state": "passed",
              "speed": "medium",
              "pass": true,
              "fail": false,
              "pending": false,
              "context": null,
              "code": "cy.checkLength('.sp-slide-wrap', 6);\ncy.checkLength('.sp-slide-wrap h3', 6);\ncy.checkLength('.sp-slide-wrap p', 6);\ncy.requestCheckLink('a.sp-layer.bsp-slide-button');",
              "err": {},
              "uuid": "9c353dfa-92ba-4bfb-9f9a-f7ffda89cf8b",
              "parentUUID": "b0564649-3a96-4d99-9f60-620c9f8c0444",
              "isHook": false,
              "skipped": false
            },
            {
              "title": "Verify visiblity \"wycena\" section also verify visibility and correct url of button",
              "fullTitle": "Sowe - home page - E2E Verify visiblity \"wycena\" section also verify visibility and correct url of button",
              "timedOut": null,
              "duration": 4890,
              "state": "passed",
              "speed": "fast",
              "pass": true,
              "fail": false,
              "pending": false,
              "context": null,
              "code": "cy.get('[data-css_id=\"xuwu420\"]').should('be.visible').contains('WYCENA').should('be.visible').click({\n  force: true\n});\ncy.url().should('eq', url.contactUrl);",
              "err": {},
              "uuid": "1fa92e8d-aa2b-42fd-b060-e68227f275f7",
              "parentUUID": "b0564649-3a96-4d99-9f60-620c9f8c0444",
              "isHook": false,
              "skipped": false
            },
            {
              "title": "Verify visiblity \"Nowości\" section also verify lenght, correct url of section item",
              "fullTitle": "Sowe - home page - E2E Verify visiblity \"Nowości\" section also verify lenght, correct url of section item",
              "timedOut": null,
              "duration": 15195,
              "state": "passed",
              "speed": "slow",
              "pass": true,
              "fail": false,
              "pending": false,
              "context": null,
              "code": "cy.get('#tb_7b96d76').find('.product_title').should('have.length', 4);\ncy.specialCategory('#tb_7b96d76', '.product_title a');",
              "err": {},
              "uuid": "f2031622-39d9-44b0-8a66-393de38e0326",
              "parentUUID": "b0564649-3a96-4d99-9f60-620c9f8c0444",
              "isHook": false,
              "skipped": false
            },
            {
              "title": "Verify visiblity Kategory: rzeźba, surrealizm, vintage, buttons and correct url",
              "fullTitle": "Sowe - home page - E2E Verify visiblity Kategory: rzeźba, surrealizm, vintage, buttons and correct url",
              "timedOut": null,
              "duration": 12307,
              "state": "passed",
              "speed": "slow",
              "pass": true,
              "fail": false,
              "pending": false,
              "context": null,
              "code": "cy.get('[data-css_id=\"05s0658\"]').find('h3.module-title').should('have.length', 3);\ncy.get('[data-css_id=\"05s0658\"]').find('h3.module-title').each(($el, index) => {\n  const textH3 = $el.text().replace(/Ź/g, 'Z').toLocaleLowerCase();\n  if ($el.text()) {\n    if (index === 0) {\n      cy.get('.image-pro-overlay-inner a').eq(0).click({\n        force: true\n      });\n    } else if (index === 1) {\n      cy.get('.image-pro-overlay-inner a').eq(1).click({\n        force: true\n      });\n    } else if (index === 2) {\n      cy.get('.image-pro-overlay-inner a').eq(2).click({\n        force: true\n      });\n    }\n    cy.url().should('contain', textH3);\n    cy.go('back');\n  }\n});\n// find a method to use this command \"filter\"\n// cy.specialCategory('[data-css_id=\"05s0658\"]', 'h3.module-title', '.image-pro-overlay-inner a');",
              "err": {},
              "uuid": "e16b35dc-7f4f-4ac6-8ee6-ec75fb997e28",
              "parentUUID": "b0564649-3a96-4d99-9f60-620c9f8c0444",
              "isHook": false,
              "skipped": false
            },
            {
              "title": "Verify visiblity \"Promocje\" section also verify lenght, correct url of section item",
              "fullTitle": "Sowe - home page - E2E Verify visiblity \"Promocje\" section also verify lenght, correct url of section item",
              "timedOut": null,
              "duration": 10399,
              "state": "passed",
              "speed": "slow",
              "pass": true,
              "fail": false,
              "pending": false,
              "context": null,
              "code": "cy.get('#tb_7b96d76>ul>li').should('have.length', 4);\ncy.specialCategory('#tb_2y8o240', '.product_title a');",
              "err": {},
              "uuid": "6416f2e6-82ef-4e76-b5b1-3302d8cf12d6",
              "parentUUID": "b0564649-3a96-4d99-9f60-620c9f8c0444",
              "isHook": false,
              "skipped": false
            },
            {
              "title": "Should verify visibilty and correct url of 3 banners",
              "fullTitle": "Sowe - home page - E2E Should verify visibilty and correct url of 3 banners",
              "timedOut": null,
              "duration": 13303,
              "state": "passed",
              "speed": "slow",
              "pass": true,
              "fail": false,
              "pending": false,
              "context": null,
              "code": "cy.bannerCheck('[data-css_id=\"f0b7677\"] a');\ncy.bannerCheck('[data-css_id=\"aace4fc\"] a');\ncy.bannerCheck('[data-css_id=\"91up430\"] a');",
              "err": {},
              "uuid": "5d1dc7eb-e8ea-4484-9001-6b6c73823642",
              "parentUUID": "b0564649-3a96-4d99-9f60-620c9f8c0444",
              "isHook": false,
              "skipped": false
            },
            {
              "title": "Should verify lengh of articyle and correct url of \"Blog\" section",
              "fullTitle": "Sowe - home page - E2E Should verify lengh of articyle and correct url of \"Blog\" section",
              "timedOut": null,
              "duration": 14011,
              "state": "passed",
              "speed": "slow",
              "pass": true,
              "fail": false,
              "pending": false,
              "context": null,
              "code": "cy.contains('Blog').should('be.visible');\ncy.checkIndex('.post-content-inner').should('have.length', 4);\ncy.specialCategory('.module.module-post.tb_b874e40 ', '.post-content-inner a');",
              "err": {},
              "uuid": "197200c0-09b7-43cf-97ac-976e3f148cdf",
              "parentUUID": "b0564649-3a96-4d99-9f60-620c9f8c0444",
              "isHook": false,
              "skipped": false
            },
            {
              "title": "Should verify lengh of articyle and correct url of \"Instagram\" section",
              "fullTitle": "Sowe - home page - E2E Should verify lengh of articyle and correct url of \"Instagram\" section",
              "timedOut": null,
              "duration": 13220,
              "state": "passed",
              "speed": "slow",
              "pass": true,
              "fail": false,
              "pending": false,
              "context": null,
              "code": "cy.contains('INSTAGRAM').should('be.visible');\ncy.get('.sbi_photo_wrap').should('have.length', 20);\ncy.get('.sbi_photo_wrap').find('a').eq(10).invoke('removeAttr', 'target').click();\ncy.origin('https://www.instagram.com', () => {\n  cy.url().should('include', 'https://www.instagram.com');\n  cy.go('back');\n});\ncy.url().should('eq', url.homeUrl);\ncy.contains('Load More...').should('be.visible');\ncy.get('#sbi_load a').invoke('removeAttr', 'target').eq(1).should('be.visible').click();\ncy.origin('https://www.instagram.com', () => {\n  cy.url().should('include', 'https://www.instagram.com/sowe.pl/');\n  cy.go('back');\n});",
              "err": {},
              "uuid": "a08c16d0-d54f-4fe2-b54c-32b86a5c5d29",
              "parentUUID": "b0564649-3a96-4d99-9f60-620c9f8c0444",
              "isHook": false,
              "skipped": false
            }
          ],
          "suites": [],
          "passes": [
            "4613df00-2210-4829-a4a0-2fb204a7b628",
            "f522af12-46f9-4632-bc08-b5e76052bccb",
            "482c1520-74be-4aad-8db5-de80701a9bed",
            "32445005-30cf-4ab4-bd63-a2080911fb5e",
            "8f35cb2f-f27b-48ed-a151-655a87cbbc15",
            "954676af-1fe9-4dbe-979d-4b1788595176",
            "9c353dfa-92ba-4bfb-9f9a-f7ffda89cf8b",
            "1fa92e8d-aa2b-42fd-b060-e68227f275f7",
            "f2031622-39d9-44b0-8a66-393de38e0326",
            "e16b35dc-7f4f-4ac6-8ee6-ec75fb997e28",
            "6416f2e6-82ef-4e76-b5b1-3302d8cf12d6",
            "5d1dc7eb-e8ea-4484-9001-6b6c73823642",
            "197200c0-09b7-43cf-97ac-976e3f148cdf",
            "a08c16d0-d54f-4fe2-b54c-32b86a5c5d29"
          ],
          "failures": [],
          "pending": [],
          "skipped": [],
          "duration": 150147,
          "root": false,
          "rootEmpty": false,
          "_timeout": 2000
        }
      ],
      "passes": [],
      "failures": [],
      "pending": [],
      "skipped": [],
      "duration": 0,
      "root": true,
      "rootEmpty": true,
      "_timeout": 2000
    },
    {
      "uuid": "2a91eb34-dff4-4291-b861-d91a4fdb90df",
      "title": "",
      "fullFile": "cypress\\e2e\\nav-footer.cy.js",
      "file": "cypress\\e2e\\nav-footer.cy.js",
      "beforeHooks": [],
      "afterHooks": [],
      "tests": [],
      "suites": [
        {
          "uuid": "18859f80-eb5e-48fa-b766-52ed91ec25df",
          "title": "Sowe - nav - footer - E2E",
          "fullFile": "",
          "file": "",
          "beforeHooks": [],
          "afterHooks": [],
          "tests": [
            {
              "title": "Check all links in main nav\"",
              "fullTitle": "Sowe - nav - footer - E2E Check all links in main nav\"",
              "timedOut": null,
              "duration": 48664,
              "state": "passed",
              "speed": "slow",
              "pass": true,
              "fail": false,
              "pending": false,
              "context": null,
              "code": "cy.checkLinksUrlsTitles('.mega-sub-menu.sub-menu a');\ncy.requestCheckLink('.mega-sub-menu.sub-menu>ul>li>a');\n// cy.checkLinksUrlsTitles('#main-nav a[href]');",
              "err": {},
              "uuid": "4248ddae-eb42-4717-ba9e-1c01b6cf8e66",
              "parentUUID": "18859f80-eb5e-48fa-b766-52ed91ec25df",
              "isHook": false,
              "skipped": false
            },
            {
              "title": "Should verify visibility of all links in footer section also check title and url",
              "fullTitle": "Sowe - nav - footer - E2E Should verify visibility of all links in footer section also check title and url",
              "timedOut": null,
              "duration": 21963,
              "state": "passed",
              "speed": "slow",
              "pass": true,
              "fail": false,
              "pending": false,
              "context": null,
              "code": "cy.get('#footer a').should('have.length', 9);\n// logo\ncy.get('#media_image-2').click({\n  force: true\n});\ncy.url().should('eq', url.homeUrl);\n// rest\ncy.checkLinksUrlsTitles('#menu-footer-nav a');",
              "err": {},
              "uuid": "f321954d-f817-4087-9f85-e5443d9d6d4b",
              "parentUUID": "18859f80-eb5e-48fa-b766-52ed91ec25df",
              "isHook": false,
              "skipped": false
            }
          ],
          "suites": [],
          "passes": [
            "4248ddae-eb42-4717-ba9e-1c01b6cf8e66",
            "f321954d-f817-4087-9f85-e5443d9d6d4b"
          ],
          "failures": [],
          "pending": [],
          "skipped": [],
          "duration": 70627,
          "root": false,
          "rootEmpty": false,
          "_timeout": 2000
        }
      ],
      "passes": [],
      "failures": [],
      "pending": [],
      "skipped": [],
      "duration": 0,
      "root": true,
      "rootEmpty": true,
      "_timeout": 2000
    },
    {
      "uuid": "cdc8480b-2c9a-428d-ad84-ea938ac16730",
      "title": "",
      "fullFile": "cypress\\e2e\\productPage.cy.js",
      "file": "cypress\\e2e\\productPage.cy.js",
      "beforeHooks": [],
      "afterHooks": [],
      "tests": [],
      "suites": [
        {
          "uuid": "dba3dc84-8c2e-401c-b5c9-15aa642a6491",
          "title": "Sowe - product page  - E2E",
          "fullFile": "",
          "file": "",
          "beforeHooks": [],
          "afterHooks": [],
          "tests": [
            {
              "title": "check visibility and url of breadcrumbs nav",
              "fullTitle": "Sowe - product page  - E2E check visibility and url of breadcrumbs nav",
              "timedOut": null,
              "duration": 8738,
              "state": "passed",
              "speed": "medium",
              "pass": true,
              "fail": false,
              "pending": false,
              "context": null,
              "code": "cy.requestCheckLink('.woocommerce-breadcrumb a');\ncy.contains('Zasłony').click({\n  force: true\n});\ncy.url().should('eq', url.zaslonyUrl);",
              "err": {},
              "uuid": "f75edc98-9d26-4e84-8545-4824704c85aa",
              "parentUUID": "dba3dc84-8c2e-401c-b5c9-15aa642a6491",
              "isHook": false,
              "skipped": false
            },
            {
              "title": "Should add product with 250 size to the cart then check the basket icon (correct number of items)",
              "fullTitle": "Sowe - product page  - E2E Should add product with 250 size to the cart then check the basket icon (correct number of items)",
              "timedOut": null,
              "duration": 7949,
              "state": "passed",
              "speed": "medium",
              "pass": true,
              "fail": false,
              "pending": false,
              "context": null,
              "code": "cy.get('#wymiary').select('147 x 250 cm', {\n  force: true\n}).should('have.value', '147 x 250 cm');\ncy.get('.single_variation_wrap').should('be.visible').find('[type=\"submit\"]').click({\n  force: true\n});\ncy.get('span.icon-menu-count').should('contain', 1);\ncy.get('span.price').should('contain', '1 200,00');",
              "err": {},
              "uuid": "ed333912-df75-4659-a355-66edfeb21dc1",
              "parentUUID": "dba3dc84-8c2e-401c-b5c9-15aa642a6491",
              "isHook": false,
              "skipped": false
            },
            {
              "title": "Should click on \"dodaj\" button without choosing size, validate alert",
              "fullTitle": "Sowe - product page  - E2E Should click on \"dodaj\" button without choosing size, validate alert",
              "timedOut": null,
              "duration": 7965,
              "state": "passed",
              "speed": "medium",
              "pass": true,
              "fail": false,
              "pending": false,
              "context": null,
              "code": "cy.get('#wymiary').select('Wybierz opcję', {\n  force: true\n}).should('not.have.property', 'value');\ncy.get('.single_variation_wrap').should('be.visible').find('button').click({\n  force: true\n});\ncy.get('.single_variation_wrap').should('be.visible').find('button').click({\n  force: true\n});\ncy.on('window:alert', str => {\n  expect(str).to.equal('Wybierz opcje produktu przed dodaniem go do koszyka.');\n});",
              "err": {},
              "uuid": "3c4b55cb-9d7f-4309-8f9a-63816f4a9a88",
              "parentUUID": "dba3dc84-8c2e-401c-b5c9-15aa642a6491",
              "isHook": false,
              "skipped": false
            },
            {
              "title": "Should check lenght of related product also click and verify correct url",
              "fullTitle": "Sowe - product page  - E2E Should check lenght of related product also click and verify correct url",
              "timedOut": null,
              "duration": 9560,
              "state": "passed",
              "speed": "medium",
              "pass": true,
              "fail": false,
              "pending": false,
              "context": null,
              "code": "cy.checkLength('.related.products>ul>li', 2);\ncy.checkLinksUrlsTitles('h3.product_title a');",
              "err": {},
              "uuid": "468b8ea3-55fa-4d76-b68b-c19d032c1186",
              "parentUUID": "dba3dc84-8c2e-401c-b5c9-15aa642a6491",
              "isHook": false,
              "skipped": false
            }
          ],
          "suites": [],
          "passes": [
            "f75edc98-9d26-4e84-8545-4824704c85aa",
            "ed333912-df75-4659-a355-66edfeb21dc1",
            "3c4b55cb-9d7f-4309-8f9a-63816f4a9a88",
            "468b8ea3-55fa-4d76-b68b-c19d032c1186"
          ],
          "failures": [],
          "pending": [],
          "skipped": [],
          "duration": 34212,
          "root": false,
          "rootEmpty": false,
          "_timeout": 2000
        }
      ],
      "passes": [],
      "failures": [],
      "pending": [],
      "skipped": [],
      "duration": 0,
      "root": true,
      "rootEmpty": true,
      "_timeout": 2000
    },
    {
      "uuid": "a29b92f7-ee58-48bc-90a2-5b1bce83acc8",
      "title": "",
      "fullFile": "cypress\\e2e\\sklep-mobile.cy.js",
      "file": "cypress\\e2e\\sklep-mobile.cy.js",
      "beforeHooks": [],
      "afterHooks": [],
      "tests": [],
      "suites": [
        {
          "uuid": "86810fdc-128f-4894-a8b9-d1fa44673667",
          "title": "Sowe - shop page - Mobile - E2E",
          "fullFile": "",
          "file": "",
          "beforeHooks": [],
          "afterHooks": [],
          "tests": [
            {
              "title": "Should open sklep page and verify url",
              "fullTitle": "Sowe - shop page - Mobile - E2E Should open sklep page and verify url",
              "timedOut": null,
              "duration": 2123,
              "state": "passed",
              "speed": "fast",
              "pass": true,
              "fail": false,
              "pending": false,
              "context": null,
              "code": "cy.url().should('eq', url.shopUrl);\ncy.title().should('eq', 'Sklep – Sowe Curtains zasłony do salonu');",
              "err": {},
              "uuid": "afc1caf3-af01-4559-8cb8-4e2a77020c9b",
              "parentUUID": "86810fdc-128f-4894-a8b9-d1fa44673667",
              "isHook": false,
              "skipped": false
            },
            {
              "title": "check visibility and lenght of nav with category",
              "fullTitle": "Sowe - shop page - Mobile - E2E check visibility and lenght of nav with category",
              "timedOut": null,
              "duration": 20875,
              "state": "passed",
              "speed": "slow",
              "pass": true,
              "fail": false,
              "pending": false,
              "context": null,
              "code": "cy.get('.tf_hide.menu-module-burger').should('be.visible').click({\n  force: true\n});\ncy.checkLength('#menu-kategorie li a', 7);\ncy.checkLinksUrlsTitles('#menu-kategorie li a');",
              "err": {},
              "uuid": "7df01a21-0153-4ce9-a01d-8906dd6de4b1",
              "parentUUID": "86810fdc-128f-4894-a8b9-d1fa44673667",
              "isHook": false,
              "skipped": false
            },
            {
              "title": "Should check visibilty of container with iteam also check lenght of iteam",
              "fullTitle": "Sowe - shop page - Mobile - E2E Should check visibilty of container with iteam also check lenght of iteam",
              "timedOut": null,
              "duration": 2122,
              "state": "passed",
              "speed": "fast",
              "pass": true,
              "fail": false,
              "pending": false,
              "context": null,
              "code": "cy.get('.module-product-image').eq(1).should('be.visible');\ncy.checkLength('.module.woocommerce.module-archive-products.tb_wxc8171.module-product-image ul li', 30);",
              "err": {},
              "uuid": "aa5ff947-cb6f-41d4-8374-52448b07a926",
              "parentUUID": "86810fdc-128f-4894-a8b9-d1fa44673667",
              "isHook": false,
              "skipped": false
            },
            {
              "title": "Should click on first iteam, check url",
              "fullTitle": "Sowe - shop page - Mobile - E2E Should click on first iteam, check url",
              "timedOut": null,
              "duration": 3833,
              "state": "passed",
              "speed": "fast",
              "pass": true,
              "fail": false,
              "pending": false,
              "context": null,
              "code": "cy.get('.module.woocommerce.module-archive-products.tb_wxc8171.module-product-image ul li a').eq(0).click({\n  force: true\n});\ncy.checkH1('.product_title.entry-title');",
              "err": {},
              "uuid": "d8defdca-79d6-43d5-8702-aa5d21d02656",
              "parentUUID": "86810fdc-128f-4894-a8b9-d1fa44673667",
              "isHook": false,
              "skipped": false
            },
            {
              "title": "Should check visibility currencies manu",
              "fullTitle": "Sowe - shop page - Mobile - E2E Should check visibility currencies manu",
              "timedOut": null,
              "duration": 2659,
              "state": "passed",
              "speed": "fast",
              "pass": true,
              "fail": false,
              "pending": false,
              "context": null,
              "code": "cy.get('.wmc-currency-symbol').eq(2).click({\n  force: true\n});\ncy.get('.wmc-list-currencies').should('be.visible');\ncy.get('.wmc-title').should('contain', 'Select your currency');\ncy.get('[data-currency=\"PLN\"]').should('contain', 'PLN');\ncy.get('[data-currency=\"PLN\"]').should('contain', 'Złoty polski');\ncy.get('[data-currency=\"EUR\"]').should('contain', '€');\ncy.get('[data-currency=\"EUR\"]').should('contain', 'Euro');",
              "err": {},
              "uuid": "488a4b84-0c47-4066-9b38-9724ab311912",
              "parentUUID": "86810fdc-128f-4894-a8b9-d1fa44673667",
              "isHook": false,
              "skipped": false
            }
          ],
          "suites": [],
          "passes": [
            "afc1caf3-af01-4559-8cb8-4e2a77020c9b",
            "7df01a21-0153-4ce9-a01d-8906dd6de4b1",
            "aa5ff947-cb6f-41d4-8374-52448b07a926",
            "d8defdca-79d6-43d5-8702-aa5d21d02656",
            "488a4b84-0c47-4066-9b38-9724ab311912"
          ],
          "failures": [],
          "pending": [],
          "skipped": [],
          "duration": 31612,
          "root": false,
          "rootEmpty": false,
          "_timeout": 2000
        }
      ],
      "passes": [],
      "failures": [],
      "pending": [],
      "skipped": [],
      "duration": 0,
      "root": true,
      "rootEmpty": true,
      "_timeout": 2000
    },
    {
      "uuid": "5a4c2812-055c-4416-904e-ab6061159d22",
      "title": "",
      "fullFile": "cypress\\e2e\\sklep.cy.js",
      "file": "cypress\\e2e\\sklep.cy.js",
      "beforeHooks": [],
      "afterHooks": [],
      "tests": [],
      "suites": [
        {
          "uuid": "7166d927-efee-4283-98e4-b0bc5145cc43",
          "title": "Sowe - shop page - E2E",
          "fullFile": "",
          "file": "",
          "beforeHooks": [],
          "afterHooks": [],
          "tests": [
            {
              "title": "Should open sklep page and verify url",
              "fullTitle": "Sowe - shop page - E2E Should open sklep page and verify url",
              "timedOut": null,
              "duration": 3565,
              "state": "passed",
              "speed": "fast",
              "pass": true,
              "fail": false,
              "pending": false,
              "context": null,
              "code": "cy.url().should('eq', url.shopUrl);\ncy.title().should('eq', 'Sklep – Sowe Curtains zasłony do salonu');",
              "err": {},
              "uuid": "9ee3c6f7-5d85-4298-a11c-549f9a28be85",
              "parentUUID": "7166d927-efee-4283-98e4-b0bc5145cc43",
              "isHook": false,
              "skipped": false
            },
            {
              "title": "check visibility and url of breadcrumbs nav",
              "fullTitle": "Sowe - shop page - E2E check visibility and url of breadcrumbs nav",
              "timedOut": null,
              "duration": 9176,
              "state": "passed",
              "speed": "medium",
              "pass": true,
              "fail": false,
              "pending": false,
              "context": null,
              "code": "cy.get('.tbp_breadcrumb_trail').should('be.visible').find('[rel=\"home\"]').click({\n  force: true\n});\ncy.url().should('eq', url.homeUrl);",
              "err": {},
              "uuid": "2f6d91df-f40d-41fb-8d12-3629886139f5",
              "parentUUID": "7166d927-efee-4283-98e4-b0bc5145cc43",
              "isHook": false,
              "skipped": false
            },
            {
              "title": "check visibility and lenght of side nav with category",
              "fullTitle": "Sowe - shop page - E2E check visibility and lenght of side nav with category",
              "timedOut": null,
              "duration": 44446,
              "state": "passed",
              "speed": "slow",
              "pass": true,
              "fail": false,
              "pending": false,
              "context": null,
              "code": "cy.get('.widget.woocommerce.widget_product_categories').should('be.visible').find('.product-categories').should('be.visible');\ncy.checkLength('.product-categories a', 13);\ncy.checkLinksUrlsTitles('.product-categories a');",
              "err": {},
              "uuid": "7924e13e-543e-4dcc-8e5a-51b5418c81ca",
              "parentUUID": "7166d927-efee-4283-98e4-b0bc5145cc43",
              "isHook": false,
              "skipped": false
            },
            {
              "title": "Should check visibilty of container with iteam also check lenght of iteam",
              "fullTitle": "Sowe - shop page - E2E Should check visibilty of container with iteam also check lenght of iteam",
              "timedOut": null,
              "duration": 2952,
              "state": "passed",
              "speed": "fast",
              "pass": true,
              "fail": false,
              "pending": false,
              "context": null,
              "code": "cy.get('.module-product-image').should('be.visible');\ncy.get('.module-product-image>ul>li').should('be.visible');\ncy.checkLength('.module-product-image>ul>li', 62);",
              "err": {},
              "uuid": "415f5a06-2a4e-4c88-bcbe-8057d972d47c",
              "parentUUID": "7166d927-efee-4283-98e4-b0bc5145cc43",
              "isHook": false,
              "skipped": false
            },
            {
              "title": "Should click on first iteam, check url",
              "fullTitle": "Sowe - shop page - E2E Should click on first iteam, check url",
              "timedOut": null,
              "duration": 3414,
              "state": "passed",
              "speed": "fast",
              "pass": true,
              "fail": false,
              "pending": false,
              "context": null,
              "code": "cy.get('.module-product-image>ul>li a').eq(0).click({\n  force: true\n});\ncy.checkH1('.product_title.entry-title');",
              "err": {},
              "uuid": "723b637b-d756-44bc-a324-f8292a344685",
              "parentUUID": "7166d927-efee-4283-98e4-b0bc5145cc43",
              "isHook": false,
              "skipped": false
            },
            {
              "title": "Should chcek visibility, length and url of bottom page nav with number",
              "fullTitle": "Sowe - shop page - E2E Should chcek visibility, length and url of bottom page nav with number",
              "timedOut": null,
              "duration": 15003,
              "state": "passed",
              "speed": "slow",
              "pass": true,
              "fail": false,
              "pending": false,
              "context": null,
              "code": "cy.checkLength('.pagenav a', 10);\ncy.requestCheckLink('.pagenav a');",
              "err": {},
              "uuid": "0f8d8027-e9e8-442d-a48c-ddb4ad1f4eb2",
              "parentUUID": "7166d927-efee-4283-98e4-b0bc5145cc43",
              "isHook": false,
              "skipped": false
            },
            {
              "title": "Should check visibility currencies manu",
              "fullTitle": "Sowe - shop page - E2E Should check visibility currencies manu",
              "timedOut": null,
              "duration": 2614,
              "state": "passed",
              "speed": "fast",
              "pass": true,
              "fail": false,
              "pending": false,
              "context": null,
              "code": "cy.get('.wmc-list-currencies').trigger('mouseover', {\n  force: true\n});\ncy.get('.wmc-list-currencies').should('be.visible');\ncy.get('.wmc-title').should('contain', 'Select your currency');\ncy.get('[data-currency=\"PLN\"]').should('contain', 'PLN');\ncy.get('[data-currency=\"PLN\"]').should('contain', 'Złoty polski');\ncy.get('[data-currency=\"EUR\"]').should('contain', '€');\ncy.get('[data-currency=\"EUR\"]').should('contain', 'Euro');",
              "err": {},
              "uuid": "5d09ac53-f96e-4a76-9b74-5364f33847d9",
              "parentUUID": "7166d927-efee-4283-98e4-b0bc5145cc43",
              "isHook": false,
              "skipped": false
            }
          ],
          "suites": [],
          "passes": [
            "9ee3c6f7-5d85-4298-a11c-549f9a28be85",
            "2f6d91df-f40d-41fb-8d12-3629886139f5",
            "7924e13e-543e-4dcc-8e5a-51b5418c81ca",
            "415f5a06-2a4e-4c88-bcbe-8057d972d47c",
            "723b637b-d756-44bc-a324-f8292a344685",
            "0f8d8027-e9e8-442d-a48c-ddb4ad1f4eb2",
            "5d09ac53-f96e-4a76-9b74-5364f33847d9"
          ],
          "failures": [],
          "pending": [],
          "skipped": [],
          "duration": 81170,
          "root": false,
          "rootEmpty": false,
          "_timeout": 2000
        }
      ],
      "passes": [],
      "failures": [],
      "pending": [],
      "skipped": [],
      "duration": 0,
      "root": true,
      "rootEmpty": true,
      "_timeout": 2000
    },
    {
      "uuid": "66844a7d-61a2-4689-b5be-8e760eaaeeab",
      "title": "",
      "fullFile": "cypress\\e2e\\wyc-kont-mobile.cy.js",
      "file": "cypress\\e2e\\wyc-kont-mobile.cy.js",
      "beforeHooks": [],
      "afterHooks": [],
      "tests": [],
      "suites": [
        {
          "uuid": "a1cc1114-e1af-4ae5-928e-d3b8e1126f34",
          "title": "Sowe - wyc - contac page - mobile  - E2E",
          "fullFile": "",
          "file": "",
          "beforeHooks": [],
          "afterHooks": [],
          "tests": [
            {
              "title": "Should verify correct url and title",
              "fullTitle": "Sowe - wyc - contac page - mobile  - E2E Should verify correct url and title",
              "timedOut": null,
              "duration": 2050,
              "state": "passed",
              "speed": "fast",
              "pass": true,
              "fail": false,
              "pending": false,
              "context": null,
              "code": "cy.url().should('eq', url.contactUrl);\ncy.title().should('eq', 'Kontakt – Sowe Curtains zasłony do salonu');",
              "err": {},
              "uuid": "f6772dd3-400c-470a-9f7a-44d63b8a498b",
              "parentUUID": "a1cc1114-e1af-4ae5-928e-d3b8e1126f34",
              "isHook": false,
              "skipped": false
            },
            {
              "title": "should check visiblity of elements, buttons, icon with number, contact form and intro txt",
              "fullTitle": "Sowe - wyc - contac page - mobile  - E2E should check visiblity of elements, buttons, icon with number, contact form and intro txt",
              "timedOut": null,
              "duration": 2387,
              "state": "passed",
              "speed": "fast",
              "pass": true,
              "fail": false,
              "pending": false,
              "context": null,
              "code": "cy.get('#tb_rk8r244').should('be.visible');\ncy.get('.ui.builder_button.tb_default_color').eq(1).should('be.visible').should('have.prop', 'href');\ncy.get('.btn.btn-primary').eq(1).should('be.visible');\ncy.get('.module-icon-item').find('span').should('contain', '+48 882 461 050');\ncy.get('.tb_text_wrap').find('p').eq(2).should('contain', 'ZAPRASZAMY DO KONTAKTU');\ncy.get('.tb_text_wrap').find('p').eq(3).should('contain', 'Realizujemy niestandardowe zamówienia');",
              "err": {},
              "uuid": "89013521-96ad-498f-878f-c701876ce80e",
              "parentUUID": "a1cc1114-e1af-4ae5-928e-d3b8e1126f34",
              "isHook": false,
              "skipped": false
            },
            {
              "title": "should fill correctly data, send the message, verify text info after send",
              "fullTitle": "Sowe - wyc - contac page - mobile  - E2E should fill correctly data, send the message, verify text info after send",
              "timedOut": null,
              "duration": 8395,
              "state": "passed",
              "speed": "medium",
              "pass": true,
              "fail": false,
              "pending": false,
              "context": null,
              "code": "cy.wait(3000);\ncy.get('#tb_rk8r244-contact-name').type('Bartosz', {\n  force: true\n});\ncy.get('#tb_rk8r244-contact-email').type('bartosz@gmail.com', {\n  force: true\n});\ncy.get('#tb_rk8r244-contact-subject').type('123456789', {\n  force: true\n});\ncy.get('#tb_rk8r244-contact-message').type('Test2023', {\n  force: true\n});\ncy.get('#tb_rk8r244-sendcopy').check({\n  force: true\n});\ncy.get('button.btn.btn-primary').eq(1).should('be.visible').click();\ncy.get('p.ui.light-green.contact-success').should('contain', 'Message sent. Thank you.');",
              "err": {},
              "uuid": "466a55f4-8571-4386-a5ac-4bb1ef1455dc",
              "parentUUID": "a1cc1114-e1af-4ae5-928e-d3b8e1126f34",
              "isHook": false,
              "skipped": false
            }
          ],
          "suites": [],
          "passes": [
            "f6772dd3-400c-470a-9f7a-44d63b8a498b",
            "89013521-96ad-498f-878f-c701876ce80e",
            "466a55f4-8571-4386-a5ac-4bb1ef1455dc"
          ],
          "failures": [],
          "pending": [],
          "skipped": [],
          "duration": 12832,
          "root": false,
          "rootEmpty": false,
          "_timeout": 2000
        }
      ],
      "passes": [],
      "failures": [],
      "pending": [],
      "skipped": [],
      "duration": 0,
      "root": true,
      "rootEmpty": true,
      "_timeout": 2000
    },
    {
      "uuid": "c2f92b59-af0b-4efa-8fff-b74b6f5ac65d",
      "title": "",
      "fullFile": "cypress\\e2e\\wyc-kont.cy.js",
      "file": "cypress\\e2e\\wyc-kont.cy.js",
      "beforeHooks": [],
      "afterHooks": [],
      "tests": [],
      "suites": [
        {
          "uuid": "2bcea203-0ff9-4ab7-b246-b6bca3f2b028",
          "title": "Sowe - wyc - contac page  - E2E",
          "fullFile": "",
          "file": "",
          "beforeHooks": [],
          "afterHooks": [],
          "tests": [
            {
              "title": "Should verify correct url and title",
              "fullTitle": "Sowe - wyc - contac page  - E2E Should verify correct url and title",
              "timedOut": null,
              "duration": 4667,
              "state": "passed",
              "speed": "fast",
              "pass": true,
              "fail": false,
              "pending": false,
              "context": null,
              "code": "cy.url().should('eq', url.contactUrl);\ncy.title().should('eq', 'Kontakt – Sowe Curtains zasłony do salonu');",
              "err": {},
              "uuid": "b514dd4e-f90d-411c-bcf2-2b532c7f8d1a",
              "parentUUID": "2bcea203-0ff9-4ab7-b246-b6bca3f2b028",
              "isHook": false,
              "skipped": false
            },
            {
              "title": "should check visiblity of elements, buttons, icon with number, contact form and intro txt",
              "fullTitle": "Sowe - wyc - contac page  - E2E should check visiblity of elements, buttons, icon with number, contact form and intro txt",
              "timedOut": null,
              "duration": 2514,
              "state": "passed",
              "speed": "fast",
              "pass": true,
              "fail": false,
              "pending": false,
              "context": null,
              "code": "cy.get('#tb_2508a3f').should('be.visible');\ncy.contains('ZADZWOŃ').should('be.visible').should('have.prop', 'href');\ncy.contains('WYŚLIJ').should('be.visible');\ncy.get('.module-icon-item').find('span').should('contain', '+48 882 461 050');\ncy.get('.tb_text_wrap').find('p').eq(0).should('contain', 'ZAPRASZAMY DO KONTAKTU');\ncy.get('.tb_text_wrap').find('p').eq(1).should('contain', 'Realizujemy niestandardowe zamówienia');",
              "err": {},
              "uuid": "552551e0-800c-4792-9d0c-9f0b1dd30c78",
              "parentUUID": "2bcea203-0ff9-4ab7-b246-b6bca3f2b028",
              "isHook": false,
              "skipped": false
            },
            {
              "title": "should fill correctly data, send the message, verify text info after send",
              "fullTitle": "Sowe - wyc - contac page  - E2E should fill correctly data, send the message, verify text info after send",
              "timedOut": null,
              "duration": 8926,
              "state": "passed",
              "speed": "medium",
              "pass": true,
              "fail": false,
              "pending": false,
              "context": null,
              "code": "cy.wait(3000);\ncy.get('[id=\"tb_2508a3f-contact-subject\"]').should('be.visible');\ncy.get('[id=\"tb_2508a3f-contact-name\"]').should('be.visible');\ncy.get('[id=\"tb_2508a3f-contact-name\"]').type('Bartadasosz', {\n  force: true\n});\n// cy.wait(1000);\ncy.get('[id=\"tb_2508a3f-contact-email\"]').should('be.visible');\n// cy.wait(1000);\ncy.get('[id=\"tb_2508a3f-contact-email\"]').type('bartasdosz@gmail.com', {\n  force: true\n});\ncy.get('[id=\"tb_2508a3f-sendcopy\"]').check();\n// cy.wait(1000);\ncy.get('.btn.btn-primary').eq(0).scrollIntoView();\n// cy.wait(1000);\ncy.get('.btn.btn-primary').eq(0).click();\n// cy.wait(1000);\ncy.get('p.ui.light-green.contact-success').should('contain', 'Message sent. Thank you.');",
              "err": {},
              "uuid": "63c7a124-ba76-46cd-b119-33a820fd4e2e",
              "parentUUID": "2bcea203-0ff9-4ab7-b246-b6bca3f2b028",
              "isHook": false,
              "skipped": false
            }
          ],
          "suites": [],
          "passes": [
            "b514dd4e-f90d-411c-bcf2-2b532c7f8d1a",
            "552551e0-800c-4792-9d0c-9f0b1dd30c78",
            "63c7a124-ba76-46cd-b119-33a820fd4e2e"
          ],
          "failures": [],
          "pending": [],
          "skipped": [],
          "duration": 16107,
          "root": false,
          "rootEmpty": false,
          "_timeout": 2000
        }
      ],
      "passes": [],
      "failures": [],
      "pending": [],
      "skipped": [],
      "duration": 0,
      "root": true,
      "rootEmpty": true,
      "_timeout": 2000
    },
    {
      "uuid": "e1aa98f6-ba3b-4432-808b-46fafe9344f1",
      "title": "",
      "fullFile": "cypress\\e2e\\cartPage.cy.js",
      "file": "cypress\\e2e\\cartPage.cy.js",
      "beforeHooks": [],
      "afterHooks": [],
      "tests": [],
      "suites": [
        {
          "uuid": "8eedd028-9b9c-4af1-aeb5-0cf0e864c4f5",
          "title": "Sowe - Cart page - E2E",
          "fullFile": "",
          "file": "",
          "beforeHooks": [],
          "afterHooks": [],
          "tests": [
            {
              "title": "Should add product to the cart, open cart page, procced paymant to the final stage",
              "fullTitle": "Sowe - Cart page - E2E Should add product to the cart, open cart page, procced paymant to the final stage",
              "timedOut": null,
              "duration": 25674,
              "state": "passed",
              "speed": "slow",
              "pass": true,
              "fail": false,
              "pending": false,
              "context": null,
              "code": "cy.visit(url.czapleProdukt);\ncy.get('.single_variation_wrap').should('be.visible').find('button').click({\n  force: true\n});\ncy.get('#cart-icon-count').click();\ncy.url().should('eq', url.cartUrl);\ncy.get('.wc-proceed-to-checkout').click();\ncy.get('#billing_first_name').type('Bartosz', {\n  force: true\n});\ncy.get('#billing_last_name').type('test2', {\n  force: true\n});\ncy.get('#billing_address_1').type('test 3', {\n  force: true\n});\ncy.get('#billing_postcode').type('55-080', {\n  force: true\n});\ncy.get('#billing_city').type('Kąty Wrocławskie', {\n  force: true\n});\ncy.get('#billing_phone').type('070056545', {\n  force: true\n});\ncy.get('#billing_email').type('test3@gmail.com', {\n  force: true\n});\ncy.get('#terms').check();\ncy.get('#place_order').click({\n  force: true\n});\ncy.url().should('contains', 'order-received/');",
              "err": {},
              "uuid": "54d033bf-7462-4b92-b2fd-c17ce827365e",
              "parentUUID": "8eedd028-9b9c-4af1-aeb5-0cf0e864c4f5",
              "isHook": false,
              "skipped": false
            },
            {
              "title": "Should check valid info about cuopon, delete product from basket and valid alert",
              "fullTitle": "Sowe - Cart page - E2E Should check valid info about cuopon, delete product from basket and valid alert",
              "timedOut": null,
              "duration": 20192,
              "state": "passed",
              "speed": "slow",
              "pass": true,
              "fail": false,
              "pending": false,
              "context": null,
              "code": "cy.visit(url.czapleProdukt);\ncy.get('.single_variation_wrap').should('be.visible').find('button').click({\n  force: true\n});\ncy.wait(1000);\ncy.get('#cart-icon-count').should('be.visible').click();\ncy.wait(500);\ncy.url().should('eq', url.cartUrl);\ncy.get('#coupon_code').type('123 {enter}');\ncy.get('[role=\"alert\"] li').should('contain', 'nie istnieje!');\ncy.get('.remove').click();\ncy.get('.cart-empty.woocommerce-info').should('contain', 'Twój koszyk aktualnie jest pusty.');\ncy.contains('Wróć do sklepu').click();\ncy.url().should('eq', url.shopUrl);",
              "err": {},
              "uuid": "c5074681-2acc-49d4-8c99-68e72cb65eb5",
              "parentUUID": "8eedd028-9b9c-4af1-aeb5-0cf0e864c4f5",
              "isHook": false,
              "skipped": false
            }
          ],
          "suites": [],
          "passes": [
            "54d033bf-7462-4b92-b2fd-c17ce827365e",
            "c5074681-2acc-49d4-8c99-68e72cb65eb5"
          ],
          "failures": [],
          "pending": [],
          "skipped": [],
          "duration": 45866,
          "root": false,
          "rootEmpty": false,
          "_timeout": 2000
        }
      ],
      "passes": [],
      "failures": [],
      "pending": [],
      "skipped": [],
      "duration": 0,
      "root": true,
      "rootEmpty": true,
      "_timeout": 2000
    }
  ],
  "meta": {
    "mocha": {
      "version": "7.0.1"
    },
    "mochawesome": {
      "options": {
        "quiet": false,
        "reportFilename": "mochawesome",
        "saveHtml": false,
        "saveJson": true,
        "consoleReporter": "spec",
        "useInlineDiffs": false,
        "code": true
      },
      "version": "7.1.3"
    },
    "marge": {
      "options": {
        "id": "default",
        "reportDir": "cypress/results/mochawesome",
        "quite": true,
        "overwrite": false,
        "html": false,
        "json": true
      },
      "version": "6.2.0"
    }
  }
}