{
  "stats": {
    "suites": 1,
    "tests": 1,
    "passes": 1,
    "pending": 0,
    "failures": 0,
    "start": "2023-07-14T13:36:00.751Z",
    "end": "2023-07-14T13:36:21.717Z",
    "duration": 20966,
    "testsRegistered": 1,
    "passPercent": 100,
    "pendingPercent": 0,
    "other": 0,
    "hasOther": false,
    "skipped": 0,
    "hasSkipped": false
  },
  "results": [
    {
      "uuid": "68b85a28-7519-4e3a-be1e-a7499c0da877",
      "title": "",
      "fullFile": "cypress\\e2e\\nav-footer.cy.js",
      "file": "cypress\\e2e\\nav-footer.cy.js",
      "beforeHooks": [],
      "afterHooks": [],
      "tests": [],
      "suites": [
        {
          "uuid": "a0efe339-c8ee-4d7c-8b86-ee0bddb5611c",
          "title": "Sowe - nav - footer - E2E",
          "fullFile": "",
          "file": "",
          "beforeHooks": [],
          "afterHooks": [],
          "tests": [
            {
              "title": "Should verify visibility of all links in footer section also check title and url",
              "fullTitle": "Sowe - nav - footer - E2E Should verify visibility of all links in footer section also check title and url",
              "timedOut": null,
              "duration": 20945,
              "state": "passed",
              "speed": "slow",
              "pass": true,
              "fail": false,
              "pending": false,
              "context": null,
              "code": "cy.get('#footer a').should('have.length', 9);\n// logo\ncy.get('#media_image-2').click({\n  force: true\n});\ncy.url().should('eq', url.homeUrl);\n// rest\ncy.checkLinksUrlsTitles('#menu-footer-nav a');",
              "err": {},
              "uuid": "44690b7f-2b9e-43ff-a79e-a3f46729ed4d",
              "parentUUID": "a0efe339-c8ee-4d7c-8b86-ee0bddb5611c",
              "isHook": false,
              "skipped": false
            }
          ],
          "suites": [],
          "passes": [
            "44690b7f-2b9e-43ff-a79e-a3f46729ed4d"
          ],
          "failures": [],
          "pending": [],
          "skipped": [],
          "duration": 20945,
          "root": false,
          "rootEmpty": false,
          "_timeout": 2000
        }
      ],
      "passes": [],
      "failures": [],
      "pending": [],
      "skipped": [],
      "duration": 0,
      "root": true,
      "rootEmpty": true,
      "_timeout": 2000
    }
  ],
  "meta": {
    "mocha": {
      "version": "7.0.1"
    },
    "mochawesome": {
      "options": {
        "quiet": false,
        "reportFilename": "mochawesome",
        "saveHtml": false,
        "saveJson": true,
        "consoleReporter": "spec",
        "useInlineDiffs": false,
        "code": true
      },
      "version": "7.1.3"
    },
    "marge": {
      "options": {
        "id": "default",
        "reportDir": "cypress/results/mochawesome",
        "quite": true,
        "overwrite": false,
        "html": false,
        "json": true
      },
      "version": "6.2.0"
    }
  }
}