{
  "stats": {
    "suites": 1,
    "tests": 2,
    "passes": 2,
    "pending": 0,
    "failures": 0,
    "start": "2023-07-14T13:00:53.985Z",
    "end": "2023-07-14T13:02:11.561Z",
    "duration": 77576,
    "testsRegistered": 2,
    "passPercent": 100,
    "pendingPercent": 0,
    "other": 0,
    "hasOther": false,
    "skipped": 0,
    "hasSkipped": false
  },
  "results": [
    {
      "uuid": "b374b429-ffd1-4b1f-b522-21b8a55455b5",
      "title": "",
      "fullFile": "cypress\\e2e\\nav-footer.cy.js",
      "file": "cypress\\e2e\\nav-footer.cy.js",
      "beforeHooks": [],
      "afterHooks": [],
      "tests": [],
      "suites": [
        {
          "uuid": "439823f4-e2a9-4ace-bb89-3a51534f7ebe",
          "title": "Sowe - nav - footer - E2E",
          "fullFile": "",
          "file": "",
          "beforeHooks": [],
          "afterHooks": [],
          "tests": [
            {
              "title": "Check all links in main nav\"",
              "fullTitle": "Sowe - nav - footer - E2E Check all links in main nav\"",
              "timedOut": null,
              "duration": 55753,
              "state": "passed",
              "speed": "slow",
              "pass": true,
              "fail": false,
              "pending": false,
              "context": null,
              "code": "cy.checkLinksUrlsTitles('.mega-sub-menu.sub-menu a');\ncy.requestCheckLink('.mega-sub-menu.sub-menu>ul>li>a');\n// cy.checkLinksUrlsTitles('#main-nav a[href]');",
              "err": {},
              "uuid": "2acf1d5e-2293-4cd7-96cf-629f42aca26b",
              "parentUUID": "439823f4-e2a9-4ace-bb89-3a51534f7ebe",
              "isHook": false,
              "skipped": false
            },
            {
              "title": "Should verify visibility of all links in footer section also check title and url",
              "fullTitle": "Sowe - nav - footer - E2E Should verify visibility of all links in footer section also check title and url",
              "timedOut": null,
              "duration": 21727,
              "state": "passed",
              "speed": "slow",
              "pass": true,
              "fail": false,
              "pending": false,
              "context": null,
              "code": "cy.get('#footer a').should('have.length', 9);\n// logo\ncy.get('#media_image-2').click({\n  force: true\n});\ncy.url().should('eq', url.homeUrl);\n// rest\ncy.checkLinksUrlsTitles('#menu-footer-nav a');",
              "err": {},
              "uuid": "51af84c8-295e-47af-9018-427c7cfffb08",
              "parentUUID": "439823f4-e2a9-4ace-bb89-3a51534f7ebe",
              "isHook": false,
              "skipped": false
            }
          ],
          "suites": [],
          "passes": [
            "2acf1d5e-2293-4cd7-96cf-629f42aca26b",
            "51af84c8-295e-47af-9018-427c7cfffb08"
          ],
          "failures": [],
          "pending": [],
          "skipped": [],
          "duration": 77480,
          "root": false,
          "rootEmpty": false,
          "_timeout": 2000
        }
      ],
      "passes": [],
      "failures": [],
      "pending": [],
      "skipped": [],
      "duration": 0,
      "root": true,
      "rootEmpty": true,
      "_timeout": 2000
    }
  ],
  "meta": {
    "mocha": {
      "version": "7.0.1"
    },
    "mochawesome": {
      "options": {
        "quiet": false,
        "reportFilename": "mochawesome",
        "saveHtml": false,
        "saveJson": true,
        "consoleReporter": "spec",
        "useInlineDiffs": false,
        "code": true
      },
      "version": "7.1.3"
    },
    "marge": {
      "options": {
        "id": "default",
        "reportDir": "cypress/results/mochawesome",
        "quite": true,
        "overwrite": false,
        "html": false,
        "json": true
      },
      "version": "6.2.0"
    }
  }
}